Build started 02/05/2014 04:48:12.
     1>Project "C:\Users\DanielRichardson\Desktop\RacingGame\RacingGame\RacingGame.vcxproj" on node 2 (build target(s)).
     1>InitializeBuildStatus:
         Touching "Debug\RacingGame.unsuccessfulbuild".
       ClCompile:
         All outputs are up-to-date.
       Link:
         c:\Program Files (x86)\Microsoft Visual Studio 10.0\VC\bin\link.exe /ERRORREPORT:PROMPT /OUT:"C:\Users\DanielRichardson\Desktop\RacingGame\Debug\RacingGame.exe" /INCREMENTAL:NO /NOLOGO /LIBPATH:C:\dev /LIBPATH:C:\dev\freeglut\lib /LIBPATH:"C:\dev\SDL-2.0.0\lib" kernel32.lib user32.lib gdi32.lib winspool.lib comdlg32.lib advapi32.lib shell32.lib ole32.lib oleaut32.lib uuid.lib odbc32.lib odbccp32.lib /MANIFEST /ManifestFile:"Debug\RacingGame.exe.intermediate.manifest" /MANIFESTUAC:"level='asInvoker' uiAccess='false'" /DEBUG /PDB:"C:\Users\DanielRichardson\Desktop\RacingGame\Debug\RacingGame.pdb" /SUBSYSTEM:WINDOWS /TLBID:1 /DYNAMICBASE /NXCOMPAT /IMPLIB:"C:\Users\DanielRichardson\Desktop\RacingGame\Debug\RacingGame.lib" /MACHINE:X86 Debug\gameInit.obj
         Debug\game_main.obj
     1>gameInit.obj : warning LNK4075: ignoring '/EDITANDCONTINUE' due to '/INCREMENTAL:NO' specification
     1>MSVCRTD.lib(crtexew.obj) : error LNK2019: unresolved external symbol _WinMain@16 referenced in function ___tmainCRTStartup
     1>C:\Users\DanielRichardson\Desktop\RacingGame\Debug\RacingGame.exe : fatal error LNK1120: 1 unresolved externals
     1>Done Building Project "C:\Users\DanielRichardson\Desktop\RacingGame\RacingGame\RacingGame.vcxproj" (build target(s)) -- FAILED.

Build FAILED.

Time Elapsed 00:00:00.13
